<?xml version="1.0" encoding="UTF-8"?>
<testng-results skipped="0" failed="0" ignored="6" total="10" passed="4">
  <reporter-output>
  </reporter-output>
  <suite name="Suite" duration-ms="71524" started-at="2023-04-30T22:34:12 IST" finished-at="2023-04-30T22:35:23 IST">
    <groups>
    </groups>
    <test name="Test" duration-ms="71524" started-at="2023-04-30T22:34:12 IST" finished-at="2023-04-30T22:35:23 IST">
      <class name="testcases.TC_004_EditIndividualPage">
        <test-method status="PASS" signature="setup()[pri:0, instance:testcases.TC_004_EditIndividualPage@5d11346a]" name="setup" is-config="true" duration-ms="0" started-at="2023-04-30T22:34:12 IST" finished-at="2023-04-30T22:34:12 IST">
          <reporter-output>
          </reporter-output>
        </test-method> <!-- setup -->
        <test-method status="PASS" signature="testDetails()[pri:0, instance:testcases.TC_004_EditIndividualPage@5d11346a]" name="testDetails" is-config="true" duration-ms="1" started-at="2023-04-30T22:34:59 IST" finished-at="2023-04-30T22:34:59 IST">
          <reporter-output>
          </reporter-output>
        </test-method> <!-- testDetails -->
        <test-method status="PASS" signature="LaunchBrowser()[pri:0, instance:testcases.TC_004_EditIndividualPage@5d11346a]" name="LaunchBrowser" is-config="true" duration-ms="6903" started-at="2023-04-30T22:34:59 IST" finished-at="2023-04-30T22:35:06 IST">
          <reporter-output>
          </reporter-output>
        </test-method> <!-- LaunchBrowser -->
        <test-method status="PASS" signature="runEdit(java.lang.String,java.lang.String,java.lang.String,java.lang.String,java.lang.String,java.lang.String)[pri:0, instance:testcases.TC_004_EditIndividualPage@5d11346a]" name="runEdit" duration-ms="17118" started-at="2023-04-30T22:35:06 IST" data-provider="fetchData" finished-at="2023-04-30T22:35:23 IST">
          <params>
            <param index="0">
              <value>
                <![CDATA[sukanyasundar.18-hydw@force.com]]>
              </value>
            </param>
            <param index="1">
              <value>
                <![CDATA[Winter@123]]>
              </value>
            </param>
            <param index="2">
              <value>
                <![CDATA[Sukanya]]>
              </value>
            </param>
            <param index="3">
              <value>
                <![CDATA[03/05/2023]]>
              </value>
            </param>
            <param index="4">
              <value>
                <![CDATA[75000]]>
              </value>
            </param>
            <param index="5">
              <value>
                <![CDATA[85000]]>
              </value>
            </param>
          </params>
          <reporter-output>
          </reporter-output>
        </test-method> <!-- runEdit -->
        <test-method status="PASS" signature="tearDown()[pri:0, instance:testcases.TC_004_EditIndividualPage@5d11346a]" name="tearDown" is-config="true" duration-ms="515" started-at="2023-04-30T22:35:23 IST" finished-at="2023-04-30T22:35:23 IST">
          <reporter-output>
          </reporter-output>
        </test-method> <!-- tearDown -->
      </class> <!-- testcases.TC_004_EditIndividualPage -->
      <class name="testcases.TC_001_LoginPage">
        <test-method status="PASS" signature="startReport()[pri:0, instance:testcases.TC_001_LoginPage@fcd6521]" name="startReport" is-config="true" duration-ms="464" started-at="2023-04-30T22:34:11 IST" finished-at="2023-04-30T22:34:12 IST">
          <reporter-output>
          </reporter-output>
        </test-method> <!-- startReport -->
        <test-method status="PASS" signature="setup()[pri:0, instance:testcases.TC_001_LoginPage@fcd6521]" name="setup" is-config="true" duration-ms="1" started-at="2023-04-30T22:34:12 IST" finished-at="2023-04-30T22:34:12 IST">
          <reporter-output>
          </reporter-output>
        </test-method> <!-- setup -->
        <test-method status="PASS" signature="testDetails()[pri:0, instance:testcases.TC_001_LoginPage@fcd6521]" name="testDetails" is-config="true" duration-ms="4" started-at="2023-04-30T22:34:12 IST" finished-at="2023-04-30T22:34:12 IST">
          <reporter-output>
          </reporter-output>
        </test-method> <!-- testDetails -->
        <test-method status="PASS" signature="LaunchBrowser()[pri:0, instance:testcases.TC_001_LoginPage@fcd6521]" name="LaunchBrowser" is-config="true" duration-ms="6609" started-at="2023-04-30T22:34:13 IST" finished-at="2023-04-30T22:34:19 IST">
          <reporter-output>
          </reporter-output>
        </test-method> <!-- LaunchBrowser -->
        <test-method status="PASS" signature="runLogin(java.lang.String,java.lang.String)[pri:0, instance:testcases.TC_001_LoginPage@fcd6521]" name="runLogin" duration-ms="736" started-at="2023-04-30T22:34:19 IST" data-provider="fetchData" finished-at="2023-04-30T22:34:20 IST">
          <params>
            <param index="0">
              <value>
                <![CDATA[sukanyasundar.18-hydw@force.com]]>
              </value>
            </param>
            <param index="1">
              <value>
                <![CDATA[Winter@123]]>
              </value>
            </param>
          </params>
          <reporter-output>
          </reporter-output>
        </test-method> <!-- runLogin -->
        <test-method status="PASS" signature="tearDown()[pri:0, instance:testcases.TC_001_LoginPage@fcd6521]" name="tearDown" is-config="true" duration-ms="253" started-at="2023-04-30T22:34:20 IST" finished-at="2023-04-30T22:34:20 IST">
          <reporter-output>
          </reporter-output>
        </test-method> <!-- tearDown -->
        <test-method status="PASS" signature="stopReport()[pri:0, instance:testcases.TC_001_LoginPage@fcd6521]" name="stopReport" is-config="true" duration-ms="426" started-at="2023-04-30T22:35:23 IST" finished-at="2023-04-30T22:35:24 IST">
          <reporter-output>
          </reporter-output>
        </test-method> <!-- stopReport -->
      </class> <!-- testcases.TC_001_LoginPage -->
      <class name="testcases.TC_003_NewIndividualPage">
        <test-method status="PASS" signature="setup()[pri:0, instance:testcases.TC_003_NewIndividualPage@2fd66ad3]" name="setup" is-config="true" duration-ms="0" started-at="2023-04-30T22:34:12 IST" finished-at="2023-04-30T22:34:12 IST">
          <reporter-output>
          </reporter-output>
        </test-method> <!-- setup -->
        <test-method status="PASS" signature="testDetails()[pri:0, instance:testcases.TC_003_NewIndividualPage@2fd66ad3]" name="testDetails" is-config="true" duration-ms="1" started-at="2023-04-30T22:34:38 IST" finished-at="2023-04-30T22:34:38 IST">
          <reporter-output>
          </reporter-output>
        </test-method> <!-- testDetails -->
        <test-method status="PASS" signature="LaunchBrowser()[pri:0, instance:testcases.TC_003_NewIndividualPage@2fd66ad3]" name="LaunchBrowser" is-config="true" duration-ms="6260" started-at="2023-04-30T22:34:38 IST" finished-at="2023-04-30T22:34:44 IST">
          <reporter-output>
          </reporter-output>
        </test-method> <!-- LaunchBrowser -->
        <test-method status="PASS" signature="runNew(java.lang.String,java.lang.String,java.lang.String,java.lang.String,java.lang.String)[pri:0, instance:testcases.TC_003_NewIndividualPage@2fd66ad3]" name="runNew" duration-ms="14333" started-at="2023-04-30T22:34:44 IST" data-provider="fetchData" finished-at="2023-04-30T22:34:58 IST">
          <params>
            <param index="0">
              <value>
                <![CDATA[sukanyasundar.18-hydw@force.com]]>
              </value>
            </param>
            <param index="1">
              <value>
                <![CDATA[Winter@123]]>
              </value>
            </param>
            <param index="2">
              <value>
                <![CDATA[Sukanya]]>
              </value>
            </param>
            <param index="3">
              <value>
                <![CDATA[03/05/2023]]>
              </value>
            </param>
            <param index="4">
              <value>
                <![CDATA[75000]]>
              </value>
            </param>
          </params>
          <reporter-output>
          </reporter-output>
        </test-method> <!-- runNew -->
        <test-method status="PASS" signature="tearDown()[pri:0, instance:testcases.TC_003_NewIndividualPage@2fd66ad3]" name="tearDown" is-config="true" duration-ms="446" started-at="2023-04-30T22:34:58 IST" finished-at="2023-04-30T22:34:59 IST">
          <reporter-output>
          </reporter-output>
        </test-method> <!-- tearDown -->
      </class> <!-- testcases.TC_003_NewIndividualPage -->
      <class name="testcases.TC_002_CreateIndividualPage">
        <test-method status="PASS" signature="setup()[pri:0, instance:testcases.TC_002_CreateIndividualPage@376b4233]" name="setup" is-config="true" duration-ms="0" started-at="2023-04-30T22:34:12 IST" finished-at="2023-04-30T22:34:12 IST">
          <reporter-output>
          </reporter-output>
        </test-method> <!-- setup -->
        <test-method status="PASS" signature="testDetails()[pri:0, instance:testcases.TC_002_CreateIndividualPage@376b4233]" name="testDetails" is-config="true" duration-ms="1" started-at="2023-04-30T22:34:20 IST" finished-at="2023-04-30T22:34:20 IST">
          <reporter-output>
          </reporter-output>
        </test-method> <!-- testDetails -->
        <test-method status="PASS" signature="LaunchBrowser()[pri:0, instance:testcases.TC_002_CreateIndividualPage@376b4233]" name="LaunchBrowser" is-config="true" duration-ms="5133" started-at="2023-04-30T22:34:20 IST" finished-at="2023-04-30T22:34:25 IST">
          <reporter-output>
          </reporter-output>
        </test-method> <!-- LaunchBrowser -->
        <test-method status="PASS" signature="runCreative(java.lang.String,java.lang.String,java.lang.String,java.lang.String,java.lang.String)[pri:0, instance:testcases.TC_002_CreateIndividualPage@376b4233]" name="runCreative" duration-ms="11810" started-at="2023-04-30T22:34:25 IST" data-provider="fetchData" finished-at="2023-04-30T22:34:37 IST">
          <params>
            <param index="0">
              <value>
                <![CDATA[sukanyasundar.18-hydw@force.com]]>
              </value>
            </param>
            <param index="1">
              <value>
                <![CDATA[Winter@123]]>
              </value>
            </param>
            <param index="2">
              <value>
                <![CDATA[Sukanya]]>
              </value>
            </param>
            <param index="3">
              <value>
                <![CDATA[03/05/2023]]>
              </value>
            </param>
            <param index="4">
              <value>
                <![CDATA[75000]]>
              </value>
            </param>
          </params>
          <reporter-output>
          </reporter-output>
        </test-method> <!-- runCreative -->
        <test-method status="PASS" signature="tearDown()[pri:0, instance:testcases.TC_002_CreateIndividualPage@376b4233]" name="tearDown" is-config="true" duration-ms="412" started-at="2023-04-30T22:34:37 IST" finished-at="2023-04-30T22:34:38 IST">
          <reporter-output>
          </reporter-output>
        </test-method> <!-- tearDown -->
      </class> <!-- testcases.TC_002_CreateIndividualPage -->
    </test> <!-- Test -->
  </suite> <!-- Suite -->
</testng-results>
