<?xml version="1.0" encoding="UTF-8"?>
<!-- Generated by org.testng.reporters.JUnitXMLReporter -->
<testsuite hostname="LAPTOP-5857S6OR" ignored="6" name="Test" tests="4" failures="0" timestamp="2023-04-30T22:35:23 IST" time="71.524" errors="0">
  <testcase name="runLogin" time="0.736" classname="testcases.TC_001_LoginPage"/>
  <testcase name="runCreative" time="11.81" classname="testcases.TC_002_CreateIndividualPage"/>
  <testcase name="runNew" time="14.333" classname="testcases.TC_003_NewIndividualPage"/>
  <testcase name="runEdit" time="17.118" classname="testcases.TC_004_EditIndividualPage"/>
  <testcase name="@AfterSuite stopReport" time="0.0" classname="base.ProjectBase">
    <ignored/>
  </testcase> <!-- @AfterSuite stopReport -->
  <testcase name="@AfterSuite stopReport" time="0.0" classname="base.ProjectBase">
    <ignored/>
  </testcase> <!-- @AfterSuite stopReport -->
  <testcase name="@AfterSuite stopReport" time="0.0" classname="base.ProjectBase">
    <ignored/>
  </testcase> <!-- @AfterSuite stopReport -->
  <testcase name="@BeforeSuite startReport" time="0.0" classname="base.ProjectBase">
    <ignored/>
  </testcase> <!-- @BeforeSuite startReport -->
  <testcase name="@BeforeSuite startReport" time="0.0" classname="base.ProjectBase">
    <ignored/>
  </testcase> <!-- @BeforeSuite startReport -->
  <testcase name="@BeforeSuite startReport" time="0.0" classname="base.ProjectBase">
    <ignored/>
  </testcase> <!-- @BeforeSuite startReport -->
</testsuite> <!-- Test -->
